\BOOKMARK [0][-]{section*.1}{\376\377\000A\000c\000k\000n\000o\000w\000l\000e\000d\000g\000e\000m\000e\000n\000t\000s}{}% 1
\BOOKMARK [0][-]{section*.2}{\376\377\000D\000e\000c\000l\000a\000r\000a\000t\000i\000o\000n\000\040\000o\000f\000\040\000A\000u\000t\000h\000o\000r\000s\000h\000i\000p}{}% 2
\BOOKMARK [0][-]{section*.3}{\376\377\000A\000b\000s\000t\000r\000a\000c\000t}{}% 3
\BOOKMARK [0][-]{chapter.5}{\376\377\000I\000n\000t\000r\000o\000d\000u\000c\000t\000i\000o\000n}{}% 4
\BOOKMARK [1][-]{section.6}{\376\377\000I\000n\000t\000r\000o\000d\000u\000c\000t\000i\000o\000n\000\040\000T\000o\000\040\000P\000r\000o\000b\000l\000e\000m}{chapter.5}% 5
\BOOKMARK [2][-]{subsection.8}{\376\377\000A\000i\000m\000\040\000o\000f\000\040\000t\000h\000e\000\040\000P\000a\000p\000e\000r}{section.6}% 6
\BOOKMARK [2][-]{subsection.9}{\376\377\000C\000o\000n\000t\000r\000i\000b\000u\000t\000i\000o\000n\000s\000\040\000o\000f\000\040\000P\000a\000p\000e\000r}{section.6}% 7
\BOOKMARK [1][-]{section.10}{\376\377\000T\000h\000e\000o\000r\000e\000t\000i\000c\000a\000l\000\040\000C\000o\000n\000c\000e\000p\000t\000s}{chapter.5}% 8
\BOOKMARK [2][-]{subsection.11}{\376\377\000T\000i\000m\000e\000\040\000S\000e\000r\000i\000e\000s}{section.10}% 9
\BOOKMARK [2][-]{subsection.13}{\376\377\000F\000o\000r\000e\000c\000a\000s\000t\000i\000n\000g}{section.10}% 10
\BOOKMARK [2][-]{subsection.15}{\376\377\000N\000e\000u\000r\000a\000l\000\040\000N\000e\000t\000w\000o\000r\000k\000s}{section.10}% 11
\BOOKMARK [2][-]{subsection.16}{\376\377\000E\000n\000s\000e\000m\000b\000l\000e\000\040\000D\000e\000c\000i\000s\000i\000o\000n\000\040\000T\000r\000e\000e\000s}{section.10}% 12
\BOOKMARK [2][-]{subsection.18}{\376\377\000S\000t\000r\000u\000c\000t\000u\000r\000e\000\040\000o\000f\000\040\000P\000a\000p\000e\000r}{section.10}% 13
\BOOKMARK [0][-]{chapter.19}{\376\377\000L\000i\000t\000e\000r\000a\000t\000u\000r\000e\000\040\000R\000e\000v\000i\000e\000w}{}% 14
\BOOKMARK [1][-]{section.20}{\376\377\000R\000a\000n\000d\000o\000m\000\040\000W\000a\000l\000k\000\040\000a\000n\000d\000\040\000E\000f\000f\000i\000c\000i\000e\000n\000t\000\040\000M\000a\000r\000k\000e\000t\000\040\000H\000y\000p\000o\000t\000h\000e\000s\000i\000s}{chapter.19}% 15
\BOOKMARK [1][-]{section.21}{\376\377\000S\000t\000o\000c\000k\000\040\000M\000a\000r\000k\000e\000t\000\040\000P\000r\000e\000d\000i\000c\000t\000i\000o\000n\000\040\000S\000t\000r\000a\000t\000e\000g\000y}{chapter.19}% 16
\BOOKMARK [1][-]{section.22}{\376\377\000N\000e\000u\000r\000a\000l\000\040\000N\000e\000t\000w\000o\000r\000k\000s\000\040\000i\000n\000\040\000F\000i\000n\000a\000n\000c\000i\000a\000l\000\040\000F\000o\000r\000e\000c\000a\000s\000t\000i\000n\000g}{chapter.19}% 17
\BOOKMARK [1][-]{section.23}{\376\377\000E\000n\000s\000e\000m\000b\000l\000e\000\040\000D\000e\000c\000i\000s\000i\000o\000n\000\040\000T\000r\000e\000e\000s\000\040\000i\000n\000\040\000F\000i\000n\000a\000n\000c\000i\000a\000l\000\040\000F\000o\000r\000e\000c\000a\000s\000t\000i\000n\000g}{chapter.19}% 18
\BOOKMARK [1][-]{section.24}{\376\377\000C\000o\000m\000p\000a\000r\000i\000s\000o\000n\000\040\000o\000f\000\040\000L\000i\000n\000e\000a\000r\000\040\000a\000n\000d\000\040\000N\000o\000n\000-\000L\000i\000n\000e\000a\000r\000\040\000F\000o\000r\000e\000c\000a\000s\000t\000i\000n\000g\000\040\000M\000e\000t\000h\000o\000d\000s}{chapter.19}% 19
\BOOKMARK [1][-]{section.25}{\376\377\000C\000o\000m\000p\000a\000r\000i\000s\000o\000n\000\040\000o\000f\000\040\000M\000a\000c\000h\000i\000n\000e\000\040\000L\000e\000a\000r\000n\000i\000n\000g\000\040\000F\000o\000r\000e\000c\000a\000s\000t\000i\000n\000g\000\040\000M\000e\000t\000h\000o\000d\000s}{chapter.19}% 20
\BOOKMARK [0][-]{chapter.26}{\376\377\000E\000x\000p\000l\000o\000r\000a\000t\000o\000r\000y\000\040\000D\000a\000t\000a\000\040\000A\000n\000a\000l\000y\000s\000i\000s}{}% 21
\BOOKMARK [1][-]{section.27}{\376\377\000T\000i\000m\000e\000\040\000S\000e\000r\000i\000e\000s\000\040\000A\000n\000a\000l\000y\000s\000i\000s}{chapter.26}% 22
\BOOKMARK [1][-]{section.31}{\376\377\000S\000t\000a\000t\000i\000o\000n\000a\000r\000i\000t\000y}{chapter.26}% 23
\BOOKMARK [1][-]{section.33}{\376\377\000D\000a\000t\000a\000\040\000a\000n\000d\000\040\000V\000a\000r\000i\000a\000b\000l\000e\000s}{chapter.26}% 24
\BOOKMARK [1][-]{section.37}{\376\377\000S\000u\000m\000m\000a\000r\000y\000\040\000S\000t\000a\000t\000i\000s\000t\000i\000c\000s}{chapter.26}% 25
\BOOKMARK [1][-]{section.42}{\376\377\000A\000u\000t\000o\000c\000o\000r\000r\000e\000l\000a\000t\000i\000o\000n}{chapter.26}% 26
\BOOKMARK [0][-]{chapter.44}{\376\377\000M\000e\000t\000h\000o\000d\000o\000l\000o\000g\000y}{}% 27
\BOOKMARK [1][-]{section.46}{\376\377\000N\000e\000u\000r\000a\000l\000\040\000N\000e\000t\000w\000o\000r\000k\000s}{chapter.44}% 28
\BOOKMARK [1][-]{section.51}{\376\377\000F\000e\000e\000d\000-\000F\000o\000r\000w\000a\000r\000d\000\040\000N\000e\000u\000r\000a\000l\000\040\000N\000e\000t\000w\000o\000r\000k}{chapter.44}% 29
\BOOKMARK [1][-]{section.54}{\376\377\000L\000o\000n\000g\000\040\000S\000h\000o\000r\000t\000-\000T\000e\000r\000m\000\040\000M\000e\000m\000o\000r\000y\000\040\000N\000e\000u\000r\000a\000l\000\040\000N\000e\000t\000w\000o\000r\000k}{chapter.44}% 30
\BOOKMARK [2][-]{subsection.55}{\376\377\000O\000v\000e\000r\000v\000i\000e\000w\000\040\000o\000f\000\040\000R\000e\000c\000u\000r\000r\000e\000n\000t\000\040\000N\000e\000u\000r\000a\000l\000\040\000N\000e\000t\000w\000o\000r\000k\000s}{section.54}% 31
\BOOKMARK [2][-]{subsection.64}{\376\377\000L\000o\000n\000g\000\040\000S\000h\000o\000r\000t\000-\000T\000e\000r\000m\000\040\000M\000e\000m\000o\000r\000y\000\040\000N\000e\000u\000r\000a\000l\000\040\000N\000e\000t\000w\000o\000r\000k\000s}{section.54}% 32
\BOOKMARK [1][-]{section.71}{\376\377\000E\000n\000s\000e\000m\000b\000l\000e\000\040\000D\000e\000c\000i\000s\000i\000o\000n\000\040\000T\000r\000e\000e\000s}{chapter.44}% 33
\BOOKMARK [1][-]{section.72}{\376\377\000R\000a\000n\000d\000o\000m\000\040\000F\000o\000r\000e\000s\000t}{chapter.44}% 34
\BOOKMARK [1][-]{section.74}{\376\377\000A\000d\000a\000p\000t\000i\000v\000e\000\040\000B\000o\000o\000s\000t\000i\000n\000g}{chapter.44}% 35
\BOOKMARK [2][-]{subsection.75}{\376\377\000B\000o\000o\000s\000t\000i\000n\000g}{section.74}% 36
\BOOKMARK [2][-]{subsection.77}{\376\377\000A\000d\000a\000B\000o\000o\000s\000t\000\040\000A\000l\000g\000o\000r\000i\000t\000h\000m}{section.74}% 37
\BOOKMARK [1][-]{section.83}{\376\377\000A\000R\000I\000M\000A\000\040\000M\000o\000d\000e\000l}{chapter.44}% 38
\BOOKMARK [1][-]{section.84}{\376\377\000B\000a\000c\000k\000p\000r\000o\000p\000a\000g\000a\000t\000i\000o\000n}{chapter.44}% 39
\BOOKMARK [1][-]{section.87}{\376\377\000L\000e\000a\000r\000n\000i\000n\000g\000\040\000A\000l\000g\000o\000r\000i\000t\000h\000m\000s\000\040\000a\000n\000d\000\040\000T\000r\000a\000i\000n\000i\000n\000g}{chapter.44}% 40
\BOOKMARK [2][-]{subsection.88}{\376\377\000O\000p\000t\000i\000m\000i\000s\000e\000r\000s}{section.87}% 41
\BOOKMARK [2][-]{subsection.95}{\376\377\000T\000r\000a\000i\000n\000i\000n\000g}{section.87}% 42
\BOOKMARK [1][-]{section.96}{\376\377\000A\000c\000t\000i\000v\000a\000t\000i\000o\000n\000\040\000F\000u\000n\000c\000t\000i\000o\000n}{chapter.44}% 43
\BOOKMARK [1][-]{section.97}{\376\377\000D\000a\000t\000a}{chapter.44}% 44
\BOOKMARK [1][-]{section.100}{\376\377\000P\000e\000r\000f\000o\000r\000m\000a\000n\000c\000e\000\040\000C\000r\000i\000t\000e\000r\000i\000a}{chapter.44}% 45
\BOOKMARK [2][-]{subsection.102}{\376\377\000A\000c\000c\000u\000r\000a\000c\000y}{section.100}% 46
\BOOKMARK [2][-]{subsection.104}{\376\377\000F\0001\000\040\000S\000c\000o\000r\000e}{section.100}% 47
\BOOKMARK [2][-]{subsection.106}{\376\377\000A\000U\000C\000\040\000R\000O\000C}{section.100}% 48
\BOOKMARK [0][-]{chapter.107}{\376\377\000M\000o\000d\000e\000l\000\040\000S\000p\000e\000c\000i\000f\000i\000c\000a\000t\000i\000o\000n\000\040\000a\000n\000d\000\040\000A\000n\000a\000l\000y\000s\000i\000s}{}% 49
\BOOKMARK [1][-]{section.109}{\376\377\000M\000o\000d\000e\000l\000\040\000A\000r\000c\000h\000i\000t\000e\000c\000t\000u\000r\000e\000s}{chapter.107}% 50
\BOOKMARK [2][-]{subsection.110}{\376\377\000L\000o\000n\000g\000\040\000S\000h\000o\000r\000t\000-\000T\000e\000r\000m\000\040\000M\000e\000m\000o\000r\000y\000\040\000N\000e\000u\000r\000a\000l\000\040\000N\000e\000t\000w\000o\000r\000k}{section.109}% 51
\BOOKMARK [2][-]{subsection.116}{\376\377\000F\000e\000e\000d\000-\000F\000o\000r\000w\000a\000r\000d\000\040\000N\000e\000u\000r\000a\000l\000\040\000N\000e\000t\000w\000o\000r\000k}{section.109}% 52
\BOOKMARK [2][-]{subsection.119}{\376\377\000R\000a\000n\000d\000o\000m\000\040\000F\000o\000r\000e\000s\000t}{section.109}% 53
\BOOKMARK [2][-]{subsection.122}{\376\377\000A\000d\000a\000B\000o\000o\000s\000t\000\040\000M\000o\000d\000e\000l}{section.109}% 54
\BOOKMARK [2][-]{subsection.125}{\376\377\000A\000u\000t\000o\000\040\000R\000e\000g\000r\000e\000s\000s\000i\000v\000e\000\040\000I\000n\000t\000e\000g\000r\000a\000t\000e\000d\000\040\000M\000o\000v\000i\000n\000g\000\040\000A\000v\000e\000r\000a\000g\000e}{section.109}% 55
\BOOKMARK [1][-]{section.130}{\376\377\000V\000a\000l\000i\000d\000a\000t\000i\000o\000n\000\040\000A\000n\000a\000l\000y\000s\000i\000s}{chapter.107}% 56
\BOOKMARK [1][-]{section.132}{\376\377\000V\000a\000r\000i\000a\000b\000l\000e\000\040\000F\000e\000a\000t\000u\000r\000e\000\040\000I\000m\000p\000o\000r\000t\000a\000n\000c\000e}{chapter.107}% 57
\BOOKMARK [0][-]{chapter.134}{\376\377\000R\000e\000s\000u\000l\000t\000s}{}% 58
\BOOKMARK [1][-]{section.135}{\376\377\000R\000e\000s\000u\000l\000t\000s}{chapter.134}% 59
\BOOKMARK [0][-]{chapter.142}{\376\377\000D\000i\000s\000c\000u\000s\000s\000i\000o\000n}{}% 60
\BOOKMARK [1][-]{section.143}{\376\377\000L\000i\000n\000k\000\040\000T\000o\000\040\000L\000i\000t\000e\000r\000a\000t\000u\000r\000e}{chapter.142}% 61
\BOOKMARK [1][-]{section.144}{\376\377\000L\000i\000m\000i\000t\000a\000t\000i\000o\000n\000s\000\040\000a\000n\000d\000\040\000F\000u\000r\000t\000h\000e\000r\000\040\000W\000o\000r\000k}{chapter.142}% 62
\BOOKMARK [1][-]{section.145}{\376\377\000C\000o\000n\000c\000l\000u\000s\000i\000o\000n}{chapter.142}% 63
\BOOKMARK [0][-]{appendix.146}{}{}% 64
\BOOKMARK [1][-]{section.147}{\376\377\000R\000a\000n\000d\000o\000m\000\040\000W\000a\000l\000k\000\040\000H\000y\000p\000o\000t\000h\000e\000s\000i\000s}{appendix.146}% 65
\BOOKMARK [0][-]{appendix.148}{}{}% 66
\BOOKMARK [1][-]{section.149}{\376\377\000C\000l\000o\000s\000i\000n\000g\000\040\000P\000r\000i\000c\000e\000s\000\040\000f\000o\000r\000\040\000S\000t\000o\000c\000k\000s}{appendix.148}% 67
\BOOKMARK [1][-]{section.151}{\376\377\000L\000o\000g\000\040\000R\000e\000t\000u\000r\000n\000s\000\040\000o\000f\000\040\000S\000t\000o\000c\000k\000s}{appendix.148}% 68
\BOOKMARK [1][-]{section.153}{\376\377\000Q\000Q\000-\000P\000l\000o\000t\000s\000\040\000f\000o\000r\000\040\000L\000o\000g\000\040\000R\000e\000t\000u\000r\000n\000s\000\040\000o\000f\000\040\000S\000t\000o\000c\000k\000s}{appendix.148}% 69
\BOOKMARK [1][-]{section.155}{\376\377\000A\000C\000F\000\040\000a\000n\000d\000\040\000P\000A\000C\000F\000\040\000o\000f\000\040\000S\000t\000o\000c\000k\000s}{appendix.148}% 70
\BOOKMARK [1][-]{section.158}{\376\377\000R\000a\000n\000d\000o\000m\000\040\000F\000o\000r\000e\000s\000t\000\040\000A\000l\000g\000o\000r\000i\000t\000h\000m}{appendix.148}% 71
\BOOKMARK [1][-]{section.166}{\376\377\000T\000e\000c\000h\000n\000i\000c\000a\000l\000\040\000I\000n\000d\000i\000c\000a\000t\000o\000r\000s\000\040\000U\000s\000e\000d\000\040\000i\000n\000\040\000A\000n\000a\000l\000y\000s\000i\000s}{appendix.148}% 72
\BOOKMARK [0][-]{appendix.167}{\376\377\000B\000o\000o\000s\000t\000i\000n\000g\000\040\000G\000r\000i\000d\000\040\000S\000e\000a\000r\000c\000h\000\040\000L\000e\000a\000r\000n\000i\000n\000g\000\040\000R\000a\000t\000e\000s}{}% 73
\BOOKMARK [0][-]{appendix.169}{\376\377\000V\000a\000l\000i\000d\000a\000t\000i\000o\000n\000\040\000a\000n\000d\000\040\000L\000o\000s\000s\000\040\000C\000u\000r\000v\000e\000s\000\040\000f\000o\000r\000\040\000L\000S\000T\000M}{}% 74
\BOOKMARK [0][-]{appendix.171}{\376\377\000C\000o\000n\000f\000u\000s\000i\000o\000n\000\040\000M\000a\000t\000r\000i\000c\000e\000s}{}% 75
