\BOOKMARK [0][-]{section*.1}{\376\377\000A\000c\000k\000n\000o\000w\000l\000e\000d\000g\000e\000m\000e\000n\000t\000s}{}% 1
\BOOKMARK [0][-]{section*.2}{\376\377\000D\000e\000c\000l\000a\000r\000a\000t\000i\000o\000n\000\040\000o\000f\000\040\000A\000u\000t\000h\000o\000r\000s\000h\000i\000p}{}% 2
\BOOKMARK [0][-]{section*.3}{\376\377\000A\000b\000s\000t\000r\000a\000c\000t}{}% 3
\BOOKMARK [0][-]{chapter.7}{\376\377\000I\000n\000t\000r\000o\000d\000u\000c\000t\000i\000o\000n}{}% 4
\BOOKMARK [1][-]{section.8}{\376\377\000R\000e\000c\000o\000m\000m\000e\000n\000d\000e\000r\000\040\000S\000y\000s\000t\000e\000m\000s\000:\000\040\000d\000e\000f\000i\000n\000i\000t\000i\000o\000n\000\040\000a\000n\000d\000\040\000t\000y\000p\000e\000s}{chapter.7}% 5
\BOOKMARK [1][-]{section.11}{\376\377\000R\000e\000s\000e\000a\000r\000c\000h\000\040\000P\000r\000o\000b\000l\000e\000m\000\040\000a\000n\000d\000\040\000O\000b\000j\000e\000c\000t\000i\000v\000e\000s}{chapter.7}% 6
\BOOKMARK [1][-]{section.12}{\376\377\000R\000e\000s\000e\000a\000r\000c\000h\000\040\000Q\000u\000e\000s\000t\000i\000o\000n\000s\000\040\000a\000n\000d\000\040\000S\000i\000g\000n\000i\000f\000i\000c\000a\000n\000c\000e}{chapter.7}% 7
\BOOKMARK [1][-]{section.17}{\376\377\000D\000i\000s\000s\000e\000r\000t\000a\000t\000i\000o\000n\000\040\000O\000u\000t\000l\000i\000n\000e}{chapter.7}% 8
\BOOKMARK [0][-]{chapter.18}{\376\377\000L\000i\000t\000e\000r\000a\000t\000u\000r\000e\000\040\000R\000e\000v\000i\000e\000w\000\040\000a\000n\000d\000\040\000R\000e\000l\000a\000t\000e\000d\000\040\000W\000o\000r\000k}{}% 9
\BOOKMARK [1][-]{section.19}{\376\377\000R\000e\000c\000o\000m\000m\000e\000n\000d\000e\000r\000\040\000S\000y\000s\000t\000e\000m\000s\000:\000\040\000h\000i\000s\000t\000o\000r\000y\000\040\000a\000n\000d\000\040\000a\000p\000p\000l\000i\000c\000a\000t\000i\000o\000n\000s}{chapter.18}% 10
\BOOKMARK [2][-]{subsection.20}{\376\377\000H\000i\000s\000t\000o\000r\000y\000\040\000a\000n\000d\000\040\000A\000p\000p\000l\000i\000c\000a\000t\000i\000o\000n\000s}{section.19}% 11
\BOOKMARK [2][-]{subsection.23}{\376\377\000R\000e\000c\000o\000m\000m\000e\000n\000d\000e\000r\000s\000\040\000i\000n\000\040\000E\000-\000c\000o\000m\000m\000e\000r\000c\000e\000:\000\040\000A\000m\000a\000z\000o\000n\000\040\000c\000a\000s\000e\000\040\000s\000t\000u\000d\000y}{section.19}% 12
\BOOKMARK [1][-]{section.24}{\376\377\000C\000o\000l\000l\000a\000b\000o\000r\000a\000t\000i\000v\000e\000\040\000F\000i\000l\000t\000e\000r\000i\000n\000g}{chapter.18}% 13
\BOOKMARK [2][-]{subsection.26}{\376\377\000M\000e\000m\000o\000r\000y\000-\000B\000a\000s\000e\000d\000\040\000A\000l\000g\000o\000r\000i\000t\000h\000m\000s}{section.24}% 14
\BOOKMARK [2][-]{subsection.30}{\376\377\000M\000o\000d\000e\000l\000-\000B\000a\000s\000e\000d\000\040\000A\000l\000g\000o\000r\000i\000t\000h\000m\000s}{section.24}% 15
\BOOKMARK [1][-]{section.33}{\376\377\000D\000e\000e\000p\000\040\000L\000e\000a\000r\000n\000i\000n\000g\000\040\000i\000n\000\040\000R\000e\000c\000o\000m\000m\000e\000n\000d\000e\000r\000\040\000S\000y\000s\000t\000e\000m\000s}{chapter.18}% 16
\BOOKMARK [1][-]{section.38}{\376\377\000T\000e\000x\000t\000\040\000A\000n\000a\000l\000y\000s\000i\000s\000\040\000i\000n\000\040\000R\000e\000c\000o\000m\000m\000e\000n\000d\000e\000r\000\040\000S\000y\000s\000t\000e\000m\000s}{chapter.18}% 17
\BOOKMARK [1][-]{section.42}{\376\377\000O\000t\000h\000e\000r\000\040\000R\000e\000c\000o\000m\000m\000e\000n\000d\000e\000r\000s\000:\000\040\000a\000\040\000b\000r\000i\000e\000f\000\040\000o\000v\000e\000r\000v\000i\000e\000w\000\040\000a\000n\000d\000\040\000h\000i\000s\000t\000o\000r\000y}{chapter.18}% 18
\BOOKMARK [2][-]{subsection.43}{\376\377\000C\000o\000n\000t\000e\000n\000t\000-\000B\000a\000s\000e\000d\000\040\000F\000i\000l\000t\000e\000r\000i\000n\000g}{section.42}% 19
\BOOKMARK [2][-]{subsection.46}{\376\377\000H\000y\000b\000r\000i\000d\000\040\000M\000o\000d\000e\000l\000s}{section.42}% 20
\BOOKMARK [1][-]{section.47}{\376\377\000E\000v\000a\000l\000u\000a\000t\000i\000o\000n\000\040\000M\000e\000t\000h\000o\000d\000s}{chapter.18}% 21
\BOOKMARK [1][-]{section.49}{\376\377\000L\000i\000m\000i\000t\000a\000t\000i\000o\000n\000s\000\040\000a\000n\000d\000\040\000C\000h\000a\000l\000l\000e\000n\000g\000e\000s}{chapter.18}% 22
\BOOKMARK [2][-]{subsection.50}{\376\377\000S\000p\000a\000r\000s\000i\000t\000y}{section.49}% 23
\BOOKMARK [2][-]{subsection.51}{\376\377\000C\000o\000l\000d\000\040\000S\000t\000a\000r\000t\000\040\000P\000r\000o\000b\000l\000e\000m}{section.49}% 24
\BOOKMARK [2][-]{subsection.53}{\376\377\000S\000c\000a\000l\000a\000b\000i\000l\000i\000t\000y}{section.49}% 25
\BOOKMARK [2][-]{subsection.54}{\376\377\000D\000o\000m\000a\000i\000n\000\040\000a\000n\000d\000\040\000D\000a\000t\000a\000\040\000C\000h\000a\000l\000l\000e\000n\000g\000e\000s}{section.49}% 26
\BOOKMARK [1][-]{section.59}{\376\377\000C\000o\000n\000c\000l\000u\000s\000i\000o\000n}{chapter.18}% 27
\BOOKMARK [0][-]{chapter.60}{\376\377\000D\000a\000t\000a\000\040\000E\000x\000p\000l\000o\000r\000a\000t\000i\000o\000n\000\040\000a\000n\000d\000\040\000A\000n\000a\000l\000y\000s\000i\000s}{}% 28
\BOOKMARK [1][-]{section.61}{\376\377\000A\000m\000a\000z\000o\000n\000\040\000R\000e\000v\000i\000e\000w\000\040\000D\000a\000t\000a\000s\000e\000t}{chapter.60}% 29
\BOOKMARK [2][-]{subsection.62}{\376\377\000F\000e\000e\000d\000b\000a\000c\000k\000\040\000a\000n\000d\000\040\000D\000a\000t\000a\000\040\000T\000y\000p\000e\000s}{section.61}% 30
\BOOKMARK [1][-]{section.64}{\376\377\000V\000a\000r\000i\000a\000b\000l\000e\000\040\000D\000e\000s\000c\000r\000i\000p\000t\000i\000o\000n}{chapter.60}% 31
\BOOKMARK [1][-]{section.66}{\376\377\000D\000a\000t\000a\000\040\000C\000o\000l\000l\000e\000c\000t\000i\000o\000n\000\040\000a\000n\000d\000\040\000P\000r\000e\000p\000r\000o\000c\000e\000s\000s\000i\000n\000g}{chapter.60}% 32
\BOOKMARK [2][-]{subsection.68}{\376\377\000D\000a\000t\000a\000\040\000P\000r\000e\000p\000r\000o\000c\000e\000s\000s\000i\000n\000g}{section.66}% 33
\BOOKMARK [2][-]{subsection.70}{\376\377\000T\000e\000x\000t\000\040\000A\000n\000a\000l\000y\000s\000i\000s\000\040\000a\000n\000d\000\040\000C\000l\000e\000a\000n\000i\000n\000g}{section.66}% 34
\BOOKMARK [2][-]{subsection.74}{\376\377\000S\000e\000n\000t\000i\000m\000e\000n\000t\000\040\000A\000n\000a\000l\000y\000s\000i\000s}{section.66}% 35
\BOOKMARK [1][-]{section.79}{\376\377\000D\000a\000t\000a\000\040\000S\000u\000m\000m\000a\000r\000y}{chapter.60}% 36
\BOOKMARK [1][-]{section.81}{\376\377\000T\000r\000e\000n\000d\000s\000\040\000a\000n\000d\000\040\000P\000a\000t\000t\000e\000r\000n\000s}{chapter.60}% 37
\BOOKMARK [2][-]{subsection.82}{\376\377\000U\000s\000e\000r\000\040\000E\000n\000g\000a\000g\000e\000m\000e\000n\000t}{section.81}% 38
\BOOKMARK [2][-]{subsection.85}{\376\377\000P\000r\000o\000d\000u\000c\000t\000s}{section.81}% 39
\BOOKMARK [2][-]{subsection.87}{\376\377\000R\000a\000t\000i\000n\000g\000s}{section.81}% 40
\BOOKMARK [2][-]{subsection.90}{\376\377\000R\000e\000v\000i\000e\000w\000\040\000T\000e\000x\000t\000\040\000a\000n\000d\000\040\000S\000e\000n\000t\000i\000m\000e\000n\000t\000s}{section.81}% 41
\BOOKMARK [1][-]{section.98}{\376\377\000D\000a\000t\000a\000\040\000P\000a\000r\000t\000i\000t\000i\000o\000n\000i\000n\000g}{chapter.60}% 42
\BOOKMARK [1][-]{section.102}{\376\377\000C\000o\000n\000c\000l\000u\000s\000i\000o\000n}{chapter.60}% 43
\BOOKMARK [0][-]{chapter.103}{\376\377\000M\000e\000t\000h\000o\000d\000o\000l\000o\000g\000y}{}% 44
\BOOKMARK [1][-]{section.104}{\376\377\000M\000o\000d\000e\000l\000l\000i\000n\000g\000\040\000A\000p\000p\000r\000o\000a\000c\000h}{chapter.103}% 45
\BOOKMARK [2][-]{subsection.105}{\376\377\000F\000o\000r\000m\000u\000l\000a\000t\000i\000n\000g\000\040\000t\000h\000e\000\040\000P\000r\000o\000b\000l\000e\000m}{section.104}% 46
\BOOKMARK [2][-]{subsection.107}{\376\377\000I\000m\000p\000l\000e\000m\000e\000n\000t\000a\000t\000i\000o\000n\000\040\000a\000n\000d\000\040\000A\000p\000p\000r\000o\000a\000c\000h}{section.104}% 47
\BOOKMARK [1][-]{section.114}{\376\377\000N\000e\000u\000r\000a\000l\000\040\000N\000e\000t\000w\000o\000r\000k\000s}{chapter.103}% 48
\BOOKMARK [1][-]{section.117}{\376\377\000N\000e\000u\000r\000a\000l\000\040\000C\000o\000l\000l\000a\000b\000o\000r\000a\000t\000i\000v\000e\000\040\000F\000i\000l\000t\000e\000r\000i\000n\000g}{chapter.103}% 49
\BOOKMARK [2][-]{subsection.118}{\376\377\000B\000a\000c\000k\000g\000r\000o\000u\000n\000d}{section.117}% 50
\BOOKMARK [2][-]{subsection.119}{\376\377\000A\000l\000g\000o\000r\000i\000t\000h\000m\000\040\000F\000o\000r\000m\000u\000l\000a\000t\000i\000o\000n}{section.117}% 51
\BOOKMARK [2][-]{subsection.129}{\376\377\000A\000l\000g\000o\000r\000i\000t\000h\000m\000\040\000S\000u\000m\000m\000a\000r\000y}{section.117}% 52
\BOOKMARK [2][-]{subsection.139}{\376\377\000I\000n\000c\000o\000r\000p\000o\000r\000a\000t\000i\000n\000g\000\040\000T\000e\000x\000t\000\040\000a\000n\000d\000\040\000S\000e\000n\000t\000i\000m\000e\000n\000t\000s}{section.117}% 53
\BOOKMARK [2][-]{subsection.142}{\376\377\000M\000o\000d\000e\000l\000\040\000T\000r\000a\000i\000n\000i\000n\000g}{section.117}% 54
\BOOKMARK [2][-]{subsection.148}{\376\377\000H\000y\000p\000e\000r\000p\000a\000r\000a\000m\000e\000t\000e\000r\000\040\000T\000u\000n\000i\000n\000g}{section.117}% 55
\BOOKMARK [2][-]{subsection.151}{\376\377\000T\000r\000a\000i\000n\000i\000n\000g\000\040\000R\000e\000s\000u\000l\000t\000s}{section.117}% 56
\BOOKMARK [2][-]{subsection.154}{\376\377\000F\000i\000n\000a\000l\000\040\000M\000o\000d\000e\000l\000\040\000S\000p\000e\000c\000i\000f\000i\000c\000a\000t\000i\000o\000n\000s}{section.117}% 57
\BOOKMARK [2][-]{subsection.156}{\376\377\000S\000u\000m\000m\000a\000r\000y}{section.117}% 58
\BOOKMARK [1][-]{section.157}{\376\377\000B\000e\000n\000c\000h\000m\000a\000r\000k\000\040\000M\000o\000d\000e\000l\000s}{chapter.103}% 59
\BOOKMARK [2][-]{subsection.158}{\376\377\000N\000o\000n\000-\000N\000e\000g\000a\000t\000i\000v\000e\000\040\000M\000a\000t\000r\000i\000x\000\040\000F\000a\000c\000t\000o\000r\000i\000s\000a\000t\000i\000o\000n}{section.157}% 60
\BOOKMARK [3][-]{subsubsection.159}{\376\377\000A\000l\000g\000o\000r\000i\000t\000h\000m\000\040\000F\000o\000r\000m\000u\000l\000a\000t\000i\000o\000n}{subsection.158}% 61
\BOOKMARK [3][-]{subsubsection.160}{\376\377\000A\000d\000j\000u\000s\000t\000i\000n\000g\000\040\000f\000o\000r\000\040\000S\000p\000a\000r\000s\000i\000t\000y\000\040\000a\000n\000d\000\040\000R\000e\000g\000u\000l\000a\000r\000i\000s\000a\000t\000i\000o\000n}{subsection.158}% 62
\BOOKMARK [3][-]{subsubsection.161}{\376\377\000A\000l\000g\000o\000r\000i\000t\000h\000m\000\040\000S\000u\000m\000m\000a\000r\000y}{subsection.158}% 63
\BOOKMARK [3][-]{subsubsection.162}{\376\377\000A\000d\000j\000u\000s\000t\000i\000n\000g\000\040\000f\000o\000r\000\040\000B\000i\000a\000s}{subsection.158}% 64
\BOOKMARK [2][-]{subsection.163}{\376\377\000I\000t\000e\000m\000-\000B\000a\000s\000e\000d\000\040\000C\000o\000l\000l\000a\000b\000o\000r\000a\000t\000i\000v\000e\000\040\000F\000i\000l\000t\000e\000r\000i\000n\000g}{section.157}% 65
\BOOKMARK [3][-]{subsubsection.164}{\376\377\000A\000l\000g\000o\000r\000i\000t\000h\000m\000\040\000F\000o\000r\000m\000u\000l\000a\000t\000i\000o\000n}{subsection.163}% 66
\BOOKMARK [3][-]{subsubsection.165}{\376\377\000A\000l\000g\000o\000r\000i\000t\000h\000m\000\040\000S\000u\000m\000m\000a\000r\000y}{subsection.163}% 67
\BOOKMARK [2][-]{subsection.166}{\376\377\000U\000s\000e\000r\000-\000B\000a\000s\000e\000d\000\040\000C\000o\000l\000l\000a\000b\000o\000r\000a\000t\000i\000v\000e\000\040\000F\000i\000l\000t\000e\000r\000i\000n\000g}{section.157}% 68
\BOOKMARK [3][-]{subsubsection.167}{\376\377\000A\000l\000g\000o\000r\000i\000t\000h\000m\000\040\000F\000o\000r\000m\000u\000l\000a\000t\000i\000o\000n}{subsection.166}% 69
\BOOKMARK [3][-]{subsubsection.168}{\376\377\000A\000l\000g\000o\000r\000i\000t\000h\000m\000\040\000S\000u\000m\000m\000a\000r\000y}{subsection.166}% 70
\BOOKMARK [1][-]{section.169}{\376\377\000E\000v\000a\000l\000u\000a\000t\000i\000o\000n}{chapter.103}% 71
\BOOKMARK [2][-]{subsection.170}{\376\377\000E\000v\000a\000l\000u\000a\000t\000i\000o\000n\000\040\000A\000p\000p\000r\000o\000a\000c\000h}{section.169}% 72
\BOOKMARK [3][-]{subsubsection.171}{\376\377\000P\000r\000e\000d\000i\000c\000t\000i\000v\000e\000\040\000A\000c\000c\000u\000r\000a\000c\000y}{subsection.170}% 73
\BOOKMARK [3][-]{subsubsection.172}{\376\377\000T\000o\000p\000-\000N\000\040\000E\000v\000a\000l\000u\000a\000t\000i\000o\000n}{subsection.170}% 74
\BOOKMARK [2][-]{subsection.173}{\376\377\000E\000v\000a\000l\000u\000a\000t\000i\000o\000n\000\040\000M\000e\000t\000r\000i\000c\000s}{section.169}% 75
\BOOKMARK [3][-]{subsubsection.174}{\376\377\000M\000S\000E\000,\000\040\000R\000M\000S\000E\000\040\000a\000n\000d\000\040\000M\000A\000E}{subsection.173}% 76
\BOOKMARK [3][-]{subsubsection.175}{\376\377\000H\000R\000\040\000a\000n\000d\000\040\000N\000D\000C\000G}{subsection.173}% 77
\BOOKMARK [1][-]{section.176}{\376\377\000C\000o\000n\000c\000l\000u\000s\000i\000o\000n}{chapter.103}% 78
